[2026-04-21T01:59:17.376Z] [DEBUG] cached titles for 1 sessions 
[2026-04-21T01:59:17.503Z] [DEBUG] metrics debug — first message info keys: role, time, agent, model, id, sessionID {"partsCount":1,"firstPartType":"text","firstPartKeys":"type,text,id,sessionID,messageID"}
[2026-04-21T01:59:17.503Z] [DEBUG] metrics debug — last message role: user, tokens: undefined {"infoKeys":"role,time,agent,model,id,sessionID"}
[2026-04-21T01:59:34.511Z] [DEBUG] metrics debug — first message info keys: role, time, agent, model, summary, id, sessionID {"partsCount":1,"firstPartType":"text","firstPartKeys":"type,text,id,sessionID,messageID"}
[2026-04-21T01:59:34.511Z] [DEBUG] metrics debug — last message role: user, tokens: undefined {"infoKeys":"role,time,agent,model,id,sessionID"}
[2026-04-21T01:59:51.984Z] [DEBUG] metrics debug — first message info keys: role, time, agent, model, summary, id, sessionID {"partsCount":1,"firstPartType":"text","firstPartKeys":"type,text,id,sessionID,messageID"}
[2026-04-21T01:59:51.984Z] [DEBUG] metrics debug — last message role: assistant, tokens: {"total":9797,"input":9702,"output":37,"reasoning":58,"cache":{"write":0,"read":0}} {"infoKeys":"parentID,role,mode,agent,path,cost,tokens,modelID,providerID,time,finish,id,sessionID"}
[2026-04-21T02:00:03.550Z] [DEBUG] metrics debug — first message info keys: role, time, agent, model, summary, id, sessionID {"partsCount":1,"firstPartType":"text","firstPartKeys":"type,text,id,sessionID,messageID"}
[2026-04-21T02:00:03.550Z] [DEBUG] metrics debug — last message role: assistant, tokens: {"total":9749,"input":9720,"output":29,"reasoning":0,"cache":{"write":0,"read":0}} {"infoKeys":"parentID,role,mode,agent,path,cost,tokens,modelID,providerID,time,finish,id,sessionID"}
[2026-04-21T02:00:31.802Z] [DEBUG] metrics debug — first message info keys: role, time, agent, model, summary, id, sessionID {"partsCount":1,"firstPartType":"text","firstPartKeys":"type,text,id,sessionID,messageID"}
[2026-04-21T02:00:31.802Z] [DEBUG] metrics debug — last message role: assistant, tokens: {"total":12542,"input":11968,"output":269,"reasoning":305,"cache":{"write":0,"read":0}} {"infoKeys":"parentID,role,mode,agent,path,cost,tokens,modelID,providerID,time,finish,id,sessionID"}
[2026-04-21T02:01:34.578Z] [DEBUG] metrics debug — first message info keys: role, time, agent, model, summary, id, sessionID {"partsCount":1,"firstPartType":"text","firstPartKeys":"type,text,id,sessionID,messageID"}
[2026-04-21T02:01:34.578Z] [DEBUG] metrics debug — last message role: assistant, tokens: {"total":14297,"input":12327,"output":1970,"reasoning":0,"cache":{"write":0,"read":0}} {"infoKeys":"parentID,role,mode,agent,path,cost,tokens,modelID,providerID,time,finish,id,sessionID"}
[2026-04-21T02:02:01.432Z] [DEBUG] metrics debug — first message info keys: role, time, agent, model, summary, id, sessionID {"partsCount":1,"firstPartType":"text","firstPartKeys":"type,text,id,sessionID,messageID"}
[2026-04-21T02:02:01.432Z] [DEBUG] metrics debug — last message role: assistant, tokens: {"total":15699,"input":15036,"output":603,"reasoning":60,"cache":{"write":0,"read":0}} {"infoKeys":"parentID,role,mode,agent,path,cost,tokens,modelID,providerID,time,finish,id,sessionID"}
[2026-04-21T02:07:08.212Z] [DEBUG] cached titles for 1 sessions 
[2026-04-21T02:07:08.239Z] [DEBUG] metrics debug — first message info keys: role, time, agent, model, summary, id, sessionID {"partsCount":1,"firstPartType":"text","firstPartKeys":"type,text,id,sessionID,messageID"}
[2026-04-21T02:07:08.239Z] [DEBUG] metrics debug — last message role: user, tokens: undefined {"infoKeys":"role,time,agent,model,id,sessionID"}
[2026-04-21T02:07:42.698Z] [DEBUG] metrics debug — first message info keys: role, time, agent, model, summary, id, sessionID {"partsCount":1,"firstPartType":"text","firstPartKeys":"type,text,id,sessionID,messageID"}
[2026-04-21T02:07:42.698Z] [DEBUG] metrics debug — last message role: assistant, tokens: {"total":17685,"input":17352,"output":159,"reasoning":174,"cache":{"write":0,"read":0}} {"infoKeys":"parentID,role,mode,agent,path,cost,tokens,modelID,providerID,time,finish,id,sessionID"}
[2026-04-21T02:07:47.644Z] [DEBUG] metrics debug — first message info keys: role, time, agent, model, summary, id, sessionID {"partsCount":1,"firstPartType":"text","firstPartKeys":"type,text,id,sessionID,messageID"}
[2026-04-21T02:07:47.644Z] [DEBUG] metrics debug — last message role: assistant, tokens: {"total":15353,"input":15275,"output":78,"reasoning":0,"cache":{"write":0,"read":0}} {"infoKeys":"parentID,role,mode,agent,path,cost,tokens,modelID,providerID,time,finish,id,sessionID"}
[2026-04-21T02:07:53.277Z] [DEBUG] metrics debug — first message info keys: role, time, agent, model, summary, id, sessionID {"partsCount":1,"firstPartType":"text","firstPartKeys":"type,text,id,sessionID,messageID"}
[2026-04-21T02:07:53.277Z] [DEBUG] metrics debug — last message role: assistant, tokens: {"total":15394,"input":15330,"output":64,"reasoning":0,"cache":{"write":0,"read":0}} {"infoKeys":"parentID,role,mode,agent,path,cost,tokens,modelID,providerID,time,finish,id,sessionID"}
[2026-04-21T02:07:58.996Z] [DEBUG] metrics debug — first message info keys: role, time, agent, model, summary, id, sessionID {"partsCount":1,"firstPartType":"text","firstPartKeys":"type,text,id,sessionID,messageID"}
[2026-04-21T02:07:58.996Z] [DEBUG] metrics debug — last message role: assistant, tokens: {"total":15438,"input":15364,"output":74,"reasoning":0,"cache":{"write":0,"read":0}} {"infoKeys":"parentID,role,mode,agent,path,cost,tokens,modelID,providerID,time,finish,id,sessionID"}
[2026-04-21T02:08:04.626Z] [DEBUG] metrics debug — first message info keys: role, time, agent, model, summary, id, sessionID {"partsCount":1,"firstPartType":"text","firstPartKeys":"type,text,id,sessionID,messageID"}
[2026-04-21T02:08:04.627Z] [DEBUG] metrics debug — last message role: assistant, tokens: {"total":16357,"input":16317,"output":40,"reasoning":0,"cache":{"write":0,"read":0}} {"infoKeys":"parentID,role,mode,agent,path,cost,tokens,modelID,providerID,time,finish,id,sessionID"}
[2026-04-21T02:08:12.841Z] [DEBUG] metrics debug — first message info keys: role, time, agent, model, summary, id, sessionID {"partsCount":1,"firstPartType":"text","firstPartKeys":"type,text,id,sessionID,messageID"}
[2026-04-21T02:08:12.841Z] [DEBUG] metrics debug — last message role: assistant, tokens: {"total":16847,"input":16751,"output":96,"reasoning":0,"cache":{"write":0,"read":0}} {"infoKeys":"parentID,role,mode,agent,path,cost,tokens,modelID,providerID,time,finish,id,sessionID"}
[2026-04-21T02:08:20.028Z] [DEBUG] metrics debug — first message info keys: role, time, agent, model, summary, id, sessionID {"partsCount":1,"firstPartType":"text","firstPartKeys":"type,text,id,sessionID,messageID"}
[2026-04-21T02:08:20.028Z] [DEBUG] metrics debug — last message role: assistant, tokens: {"total":20839,"input":20720,"output":60,"reasoning":59,"cache":{"write":0,"read":0}} {"infoKeys":"parentID,role,mode,agent,path,cost,tokens,modelID,providerID,time,finish,id,sessionID"}
[2026-04-21T02:08:24.843Z] [DEBUG] metrics debug — first message info keys: role, time, agent, model, summary, id, sessionID {"partsCount":1,"firstPartType":"text","firstPartKeys":"type,text,id,sessionID,messageID"}
[2026-04-21T02:08:24.843Z] [DEBUG] metrics debug — last message role: assistant, tokens: {"total":18002,"input":17938,"output":64,"reasoning":0,"cache":{"write":0,"read":0}} {"infoKeys":"parentID,role,mode,agent,path,cost,tokens,modelID,providerID,time,finish,id,sessionID"}
[2026-04-21T02:08:37.788Z] [DEBUG] metrics debug — first message info keys: role, time, agent, model, summary, id, sessionID {"partsCount":1,"firstPartType":"text","firstPartKeys":"type,text,id,sessionID,messageID"}
[2026-04-21T02:08:37.788Z] [DEBUG] metrics debug — last message role: assistant, tokens: {"total":18020,"input":17948,"output":72,"reasoning":0,"cache":{"write":0,"read":0}} {"infoKeys":"parentID,role,mode,agent,path,cost,tokens,modelID,providerID,time,finish,id,sessionID"}
